#
# A fatal error has been detected by the Java Runtime Environment:
#
#  EXCEPTION_ACCESS_VIOLATION (0xc0000005) at pc=0x00007ffc4d0ca358, pid=2792, tid=21392
#
# JRE version: OpenJDK Runtime Environment (16.0.2+7) (build 16.0.2+7-67)
# Java VM: OpenJDK 64-Bit Server VM (16.0.2+7-67, mixed mode, tiered, compressed oops, compressed class ptrs, g1 gc, windows-amd64)
# Problematic frame:
# V  [jvm.dll+0x23a358]
#
# No core dump will be written. Minidumps are not enabled by default on client versions of Windows
#
# If you would like to submit a bug report, please visit:
#   https://bugreport.java.com/bugreport/crash.jsp
#

---------------  S U M M A R Y ------------

Command Line: -XX:+ShowCodeDetailsInExceptionMessages -agentlib:jdwp=transport=dt_socket,suspend=y,address=localhost:53761 -Dcom.sun.management.jmxremote -Dcom.sun.management.jmxremote.port=53760 -Dcom.sun.management.jmxremote.authenticate=false -Dcom.sun.management.jmxremote.ssl=false -Djava.rmi.server.hostname=localhost -Dspring.jmx.enabled=true -Dspring.application.admin.enabled=true -XX:TieredStopAtLevel=1 -Dspring.boot.project.name=OperacionFuegodeQuasar -javaagent:C:\Users\jazmi\Documents\sts-4.12.0.RELEASE\configuration\org.eclipse.osgi\259\0\.cp\lib\javaagent-shaded.jar -Dfile.encoding=UTF-8 cl.mercadolibre.OperacionFuegodeQuasar.OperacionFuegodeQuasarApplication --spring.output.ansi.enabled=always

Host: Intel(R) Core(TM) i7-10750H CPU @ 2.60GHz, 12 cores, 11G,  Windows 10 , 64 bit Build 19041 (10.0.19041.1202)
Time: Wed Sep 29 23:37:48 2021 Hora verano Sudamérica Pacífico elapsed time: 74.356798 seconds (0d 0h 1m 14s)

---------------  T H R E A D  ---------------

Current thread (0x0000017b7bc10c50):  VMThread "VM Thread" [stack: 0x0000007b29000000,0x0000007b29100000] [id=21392]

Stack: [0x0000007b29000000,0x0000007b29100000],  sp=0x0000007b290fe998,  free space=1018k
Native frames: (J=compiled Java code, j=interpreted, Vv=VM code, C=native code)
V  [jvm.dll+0x23a358]


siginfo: EXCEPTION_ACCESS_VIOLATION (0xc0000005), reading address 0x0000017b0288a108


Register to memory mapping:

RIP=0x00007ffc4d0ca358 jvm.dll
RAX=0x00000000001940e0 is an unknown value
RBX=0x0000017b026f54d0 is pointing into metadata
RCX=0x0000017b026f6028 is pointing into metadata
RDX=0x000000000000ca06 is an unknown value
RSP=0x0000007b290fe998 points into unknown readable memory: 0x00007ffc4d0ca3de | de a3 0c 4d fc 7f 00 00
RBP=0x0000007b290fead0 points into unknown readable memory: 0xffffffffffffffff | ff ff ff ff ff ff ff ff
RSI=0x0 is NULL
RDI=0x0000007b290ff0e0 points into unknown readable memory: 0x00007ffc4d7c2218 | 18 22 7c 4d fc 7f 00 00
R8 =0x0 is NULL
R9 =0x0000017b026f54d0 is pointing into metadata
R10=0x0 is NULL
R11=0x0 is NULL
R12=0x00007ffc4ce90000 jvm.dll
R13=0x0000017b7dbe9890 points into unknown readable memory: 0x0000000043fde600 | 00 e6 fd 43 00 00 00 00
R14=0x0000017b026f4fec is pointing into metadata
R15=0x0000000000000047 is an unknown value


Registers:
RAX=0x00000000001940e0, RBX=0x0000017b026f54d0, RCX=0x0000017b026f6028, RDX=0x000000000000ca06
RSP=0x0000007b290fe998, RBP=0x0000007b290fead0, RSI=0x0000000000000000, RDI=0x0000007b290ff0e0
R8 =0x0000000000000000, R9 =0x0000017b026f54d0, R10=0x0000000000000000, R11=0x0000000000000000
R12=0x00007ffc4ce90000, R13=0x0000017b7dbe9890, R14=0x0000017b026f4fec, R15=0x0000000000000047
RIP=0x00007ffc4d0ca358, EFLAGS=0x0000000000010202

Top of Stack: (sp=0x0000007b290fe998)
0x0000007b290fe998:   00007ffc4d0ca3de 0000007b290fea28
0x0000007b290fe9a8:   0000000000000000 0000017b7b1bfc40
0x0000007b290fe9b8:   0000000000000000 0000007b290fef50
0x0000007b290fe9c8:   00007ffc4d1bcf44 0000000000000001
0x0000007b290fe9d8:   0000000000000000 0000000000000000
0x0000007b290fe9e8:   0000017b7ca54e38 00000000046af3a0
0x0000007b290fe9f8:   00007ffc4d0a0232 0000017b7b1c6048
0x0000007b290fea08:   00007ffc0000000e 0000000000000000
0x0000007b290fea18:   0000007b290fea70 0000000000000002
0x0000007b290fea28:   0000017b7b1c6048 0000001500000014
0x0000007b290fea38:   0000000000000015 000000030000000e
0x0000007b290fea48:   0000017b7b1bfc40 0000000000000000
0x0000007b290fea58:   0000000000000000 0000007b290ff1b0
0x0000007b290fea68:   00007ffc4d574fb2 4fffffff4fffffff
0x0000007b290fea78:   00007ffc4d575b34 0000007b290febe0
0x0000007b290fea88:   0000000000000000 0000007b290ff0e0 

Instructions: (pc=0x00007ffc4d0ca358)
0x00007ffc4d0ca258:   03 03 03 03 03 03 03 03 03 03 03 03 03 03 03 03
0x00007ffc4d0ca268:   03 03 03 03 03 03 03 03 03 03 03 03 03 03 03 03
0x00007ffc4d0ca278:   03 03 03 03 03 03 03 03 03 03 03 03 03 03 03 03
0x00007ffc4d0ca288:   03 03 03 03 03 03 03 03 03 03 03 03 03 03 03 03
0x00007ffc4d0ca298:   03 03 03 02 03 03 02 cc 48 89 5c 24 08 48 89 74
0x00007ffc4d0ca2a8:   24 10 57 48 83 ec 20 48 63 da 41 0f b6 f0 48 8b
0x00007ffc4d0ca2b8:   f9 85 d2 79 24 4c 8d 0d 1c 95 69 00 ba b4 02 00
0x00007ffc4d0ca2c8:   00 4c 8d 05 48 95 69 00 48 8d 0d b1 94 69 00 e8
0x00007ffc4d0ca2d8:   64 88 00 00 e8 5f da 42 00 40 84 f6 75 18 48 8b
0x00007ffc4d0ca2e8:   4f 10 48 85 c9 74 0f 48 8d 43 01 48 c1 e0 05 48
0x00007ffc4d0ca2f8:   8b 04 08 0f b7 d8 48 8b 74 24 38 48 63 c3 48 8b
0x00007ffc4d0ca308:   5c 24 30 0f b7 44 c7 48 48 83 c4 20 5f c3 cc cc
0x00007ffc4d0ca318:   cc cc cc cc cc cc cc cc 4c 8b c9 45 84 c0 75 41
0x00007ffc4d0ca328:   48 8b 49 10 48 85 c9 74 38 85 d2 79 19 f7 d2 8b
0x00007ffc4d0ca338:   c2 48 ff c0 48 c1 e0 05 48 8b 04 08 0f b7 c8 41
0x00007ffc4d0ca348:   0f b7 44 c9 4a c3 48 63 c2 48 ff c0 48 c1 e0 05
0x00007ffc4d0ca358:   48 8b 04 08 0f b7 d0 48 63 c2 41 0f b7 44 c1 4a
0x00007ffc4d0ca368:   c3 49 8b 41 08 4c 63 c2 42 0f b6 44 00 04 8d 48
0x00007ffc4d0ca378:   ef 80 f9 01 76 0e 3c 6a 74 0a 48 63 c2 41 0f b7
0x00007ffc4d0ca388:   44 c1 4a c3 43 0f b7 44 c1 4a c3 cc cc cc cc cc
0x00007ffc4d0ca398:   cc cc cc cc cc cc cc cc 40 53 48 83 ec 20 48 8b
0x00007ffc4d0ca3a8:   d9 e8 72 ff ff ff 48 63 d0 0f b7 44 d3 48 48 8b
0x00007ffc4d0ca3b8:   44 c3 48 48 83 c4 20 5b c3 cc cc cc cc cc cc cc
0x00007ffc4d0ca3c8:   cc cc cc cc cc cc cc cc 40 53 48 83 ec 20 48 8b
0x00007ffc4d0ca3d8:   d9 e8 42 ff ff ff 48 63 d0 0f b7 44 d3 4a 48 8b
0x00007ffc4d0ca3e8:   44 c3 48 48 83 c4 20 5b c3 cc cc cc cc cc cc cc
0x00007ffc4d0ca3f8:   cc cc cc cc cc cc cc cc 4c 8b d1 45 84 c9 75 28
0x00007ffc4d0ca408:   4c 8b 49 10 4d 85 c9 74 1f 45 85 c0 79 08 41 f7
0x00007ffc4d0ca418:   d0 41 8b c0 eb 03 49 63 c0 48 ff c0 48 c1 e0 05
0x00007ffc4d0ca428:   4a 8b 04 08 44 0f b7 c0 49 8b 42 08 49 63 c8 0f
0x00007ffc4d0ca438:   b6 4c 08 04 48 8b c2 88 0a c3 cc cc cc cc cc cc
0x00007ffc4d0ca448:   cc cc cc cc cc cc cc cc 40 56 57 41 54 41 56 41 


Stack slot to memory mapping:
stack at sp + 0 slots: 0x00007ffc4d0ca3de jvm.dll
stack at sp + 1 slots: 0x0000007b290fea28 points into unknown readable memory: 0x0000017b7b1c6048 | 48 60 1c 7b 7b 01 00 00
stack at sp + 2 slots: 0x0 is NULL
stack at sp + 3 slots: 0x0000017b7b1bfc40 points into unknown readable memory: 0x616a00106e30ffff | ff ff 30 6e 10 00 6a 61
stack at sp + 4 slots: 0x0 is NULL
stack at sp + 5 slots: 0x0000007b290fef50 points into unknown readable memory: 0x0000017b026f52e0 | e0 52 6f 02 7b 01 00 00
stack at sp + 6 slots: 0x00007ffc4d1bcf44 jvm.dll
stack at sp + 7 slots: 0x0000000000000001 is an unknown value

VM_Operation (0x0000007b29aff140): get/set locals, mode: safepoint, requested by thread 0x0000017b7be234c0


---------------  P R O C E S S  ---------------

Threads class SMR info:
_java_thread_list=0x0000017b0026ce80, length=36, elements={
0x0000017b7b2fc910, 0x0000017b7b2fd6e0, 0x0000017b7bc354c0, 0x0000017b7bc366e0,
0x0000017b7bc39000, 0x0000017b7bc3ce10, 0x0000017b7bc49840, 0x0000017b7bc4b1d0,
0x0000017b7bd151c0, 0x0000017b7be234c0, 0x0000017b7be24790, 0x0000017b7be27ee0,
0x0000017b7c7454f0, 0x0000017b7c91e650, 0x0000017b7c9204b0, 0x0000017b7c9000a0,
0x0000017b7d9f4090, 0x0000017b7d9f45e0, 0x0000017b7d9f55d0, 0x0000017b7d9f4b30,
0x0000017b7e4623c0, 0x0000017b7e4613d0, 0x0000017b7e461920, 0x0000017b7e462e60,
0x0000017b7e4633b0, 0x0000017b7e4648f0, 0x0000017b7e4643a0, 0x0000017b00ec4570,
0x0000017b00ec4020, 0x0000017b00ec2040, 0x0000017b00ec1050, 0x0000017b00ec15a0,
0x0000017b00ec2590, 0x0000017b00ec5560, 0x0000017b00ec5010, 0x0000017b00ec6550
}

Java Threads: ( => current thread )
  0x0000017b7b2fc910 JavaThread "Reference Handler" daemon [_thread_blocked, id=19416, stack(0x0000007b29100000,0x0000007b29200000)]
  0x0000017b7b2fd6e0 JavaThread "Finalizer" daemon [_thread_blocked, id=26164, stack(0x0000007b29200000,0x0000007b29300000)]
  0x0000017b7bc354c0 JavaThread "Signal Dispatcher" daemon [_thread_blocked, id=12352, stack(0x0000007b29300000,0x0000007b29400000)]
  0x0000017b7bc366e0 JavaThread "Attach Listener" daemon [_thread_blocked, id=21892, stack(0x0000007b29400000,0x0000007b29500000)]
  0x0000017b7bc39000 JavaThread "Service Thread" daemon [_thread_blocked, id=17348, stack(0x0000007b29500000,0x0000007b29600000)]
  0x0000017b7bc3ce10 JavaThread "Monitor Deflation Thread" daemon [_thread_blocked, id=16120, stack(0x0000007b29600000,0x0000007b29700000)]
  0x0000017b7bc49840 JavaThread "C1 CompilerThread0" daemon [_thread_blocked, id=6256, stack(0x0000007b29700000,0x0000007b29800000)]
  0x0000017b7bc4b1d0 JavaThread "Sweeper thread" daemon [_thread_blocked, id=14292, stack(0x0000007b29800000,0x0000007b29900000)]
  0x0000017b7bd151c0 JavaThread "Common-Cleaner" daemon [_thread_blocked, id=4808, stack(0x0000007b29900000,0x0000007b29a00000)]
  0x0000017b7be234c0 JavaThread "JDWP Transport Listener: dt_socket" daemon [_thread_blocked, id=26012, stack(0x0000007b29a00000,0x0000007b29b00000)]
  0x0000017b7be24790 JavaThread "JDWP Event Helper Thread" daemon [_thread_blocked, id=2032, stack(0x0000007b29b00000,0x0000007b29c00000)]
  0x0000017b7be27ee0 JavaThread "JDWP Command Reader" daemon [_thread_in_native, id=9016, stack(0x0000007b29c00000,0x0000007b29d00000)]
  0x0000017b7c7454f0 JavaThread "Notification Thread" daemon [_thread_blocked, id=14640, stack(0x0000007b29d00000,0x0000007b29e00000)]
  0x0000017b7c91e650 JavaThread "RMI TCP Accept-0" daemon [_thread_in_native, id=23068, stack(0x0000007b29e00000,0x0000007b29f00000)]
  0x0000017b7c9204b0 JavaThread "RMI TCP Accept-53760" daemon [_thread_in_native, id=19440, stack(0x0000007b29f00000,0x0000007b2a000000)]
  0x0000017b7c9000a0 JavaThread "RMI TCP Accept-0" daemon [_thread_in_native, id=15268, stack(0x0000007b2a000000,0x0000007b2a100000)]
  0x0000017b7d9f4090 JavaThread "RMI TCP Connection(idle)" daemon [_thread_blocked, id=24724, stack(0x0000007b2af00000,0x0000007b2b000000)]
  0x0000017b7d9f45e0 JavaThread "RMI Scheduler(0)" daemon [_thread_blocked, id=21256, stack(0x0000007b2b000000,0x0000007b2b100000)]
  0x0000017b7d9f55d0 JavaThread "RMI TCP Connection(idle)" daemon [_thread_blocked, id=14256, stack(0x0000007b2b100000,0x0000007b2b200000)]
  0x0000017b7d9f4b30 JavaThread "JMX server connection timeout 26" daemon [_thread_blocked, id=7700, stack(0x0000007b2b200000,0x0000007b2b300000)]
  0x0000017b7e4623c0 JavaThread "Catalina-utility-1" [_thread_blocked, id=24712, stack(0x0000007b2ac00000,0x0000007b2ad00000)]
  0x0000017b7e4613d0 JavaThread "Catalina-utility-2" [_thread_blocked, id=12840, stack(0x0000007b2b300000,0x0000007b2b400000)]
  0x0000017b7e461920 JavaThread "container-0" [_thread_blocked, id=15224, stack(0x0000007b2b400000,0x0000007b2b500000)]
  0x0000017b7e462e60 JavaThread "mysql-cj-abandoned-connection-cleanup" daemon [_thread_blocked, id=7356, stack(0x0000007b2b500000,0x0000007b2b600000)]
  0x0000017b7e4633b0 JavaThread "HikariPool-1 housekeeper" daemon [_thread_blocked, id=18620, stack(0x0000007b2b700000,0x0000007b2b800000)]
  0x0000017b7e4648f0 JavaThread "http-nio-8080-Poller" daemon [_thread_in_native, id=24816, stack(0x0000007b2b900000,0x0000007b2ba00000)]
  0x0000017b7e4643a0 JavaThread "http-nio-8080-Acceptor" daemon [_thread_in_native, id=25088, stack(0x0000007b2ba00000,0x0000007b2bb00000)]
  0x0000017b00ec4570 JavaThread "DestroyJavaVM" [_thread_blocked, id=22188, stack(0x0000007b28a00000,0x0000007b28b00000)]
  0x0000017b00ec4020 JavaThread "RMI TCP Connection(idle)" daemon [_thread_blocked, id=25620, stack(0x0000007b2bb00000,0x0000007b2bc00000)]
  0x0000017b00ec2040 JavaThread "RMI TCP Connection(idle)" daemon [_thread_blocked, id=21332, stack(0x0000007b2bd00000,0x0000007b2be00000)]
  0x0000017b00ec1050 JavaThread "RMI TCP Connection(idle)" daemon [_thread_blocked, id=12328, stack(0x0000007b2be00000,0x0000007b2bf00000)]
  0x0000017b00ec15a0 JavaThread "RMI TCP Connection(9)-127.0.0.1" daemon [_thread_in_native, id=14156, stack(0x0000007b2bf00000,0x0000007b2c000000)]
  0x0000017b00ec2590 JavaThread "RMI TCP Connection(idle)" daemon [_thread_blocked, id=11008, stack(0x0000007b2bc00000,0x0000007b2bd00000)]
  0x0000017b00ec5560 JavaThread "RMI TCP Connection(idle)" daemon [_thread_blocked, id=4728, stack(0x0000007b2c200000,0x0000007b2c300000)]
  0x0000017b00ec5010 JavaThread "http-nio-8080-exec-1" daemon [_thread_blocked, id=24992, stack(0x0000007b2c000000,0x0000007b2c100000)]
  0x0000017b00ec6550 JavaThread "http-nio-8080-exec-2" daemon [_thread_blocked, id=16124, stack(0x0000007b2c100000,0x0000007b2c200000)]

Other Threads:
=>0x0000017b7bc10c50 VMThread "VM Thread" [stack: 0x0000007b29000000,0x0000007b29100000] [id=21392]
  0x0000017b7c900b60 WatcherThread [stack: 0x0000007b2a100000,0x0000007b2a200000] [id=24792]
  0x0000017b5ebe1210 GCTaskThread "GC Thread#0" [stack: 0x0000007b28b00000,0x0000007b28c00000] [id=24336]
  0x0000017b7ca0e8a0 GCTaskThread "GC Thread#1" [stack: 0x0000007b2a200000,0x0000007b2a300000] [id=17912]
  0x0000017b7ca67920 GCTaskThread "GC Thread#2" [stack: 0x0000007b2a300000,0x0000007b2a400000] [id=12780]
  0x0000017b7ca67c30 GCTaskThread "GC Thread#3" [stack: 0x0000007b2a400000,0x0000007b2a500000] [id=23248]
  0x0000017b7c95e7d0 GCTaskThread "GC Thread#4" [stack: 0x0000007b2a500000,0x0000007b2a600000] [id=20084]
  0x0000017b7c9884c0 GCTaskThread "GC Thread#5" [stack: 0x0000007b2a600000,0x0000007b2a700000] [id=24912]
  0x0000017b7ca947f0 GCTaskThread "GC Thread#6" [stack: 0x0000007b2a700000,0x0000007b2a800000] [id=25024]
  0x0000017b7c9a4b00 GCTaskThread "GC Thread#7" [stack: 0x0000007b2a800000,0x0000007b2a900000] [id=3136]
  0x0000017b7c9a5620 GCTaskThread "GC Thread#8" [stack: 0x0000007b2a900000,0x0000007b2aa00000] [id=8996]
  0x0000017b7c9a5930 GCTaskThread "GC Thread#9" [stack: 0x0000007b2aa00000,0x0000007b2ab00000] [id=20660]
  0x0000017b5ebef690 ConcurrentGCThread "G1 Main Marker" [stack: 0x0000007b28c00000,0x0000007b28d00000] [id=15996]
  0x0000017b5ebf0090 ConcurrentGCThread "G1 Conc#0" [stack: 0x0000007b28d00000,0x0000007b28e00000] [id=10692]
  0x0000017b7dabc020 ConcurrentGCThread "G1 Conc#1" [stack: 0x0000007b2ad00000,0x0000007b2ae00000] [id=25504]
  0x0000017b7da72800 ConcurrentGCThread "G1 Conc#2" [stack: 0x0000007b2ae00000,0x0000007b2af00000] [id=24468]
  0x0000017b5ec6c960 ConcurrentGCThread "G1 Refine#0" [stack: 0x0000007b28e00000,0x0000007b28f00000] [id=9424]
  0x0000017b7c9a5c40 ConcurrentGCThread "G1 Refine#1" [stack: 0x0000007b2ab00000,0x0000007b2ac00000] [id=23816]
  0x0000017b5ec6d2f0 ConcurrentGCThread "G1 Service" [stack: 0x0000007b28f00000,0x0000007b29000000] [id=22196]

Threads with active compile tasks:

VM state: at safepoint (normal execution)

VM Mutex/Monitor currently owned by a thread:  ([mutex/lock_event])
[0x0000017b5eb989b0] Threads_lock - owner thread: 0x0000017b7bc10c50

Heap address: 0x0000000743800000, size: 3016 MB, Compressed Oops mode: Zero based, Oop shift amount: 3

CDS disabled.
Compressed class space mapped at: 0x0000000800000000-0x0000000840000000, reserved size: 1073741824
Narrow klass base: 0x0000000800000000, Narrow klass shift: 0, Narrow klass range: 0x40000000

GC Precious Log:
 CPUs: 12 total, 12 available
 Memory: 12057M
 Large Page Support: Disabled
 NUMA Support: Disabled
 Compressed Oops: Enabled (Zero based)
 Heap Region Size: 2M
 Heap Min Capacity: 8M
 Heap Initial Capacity: 190M
 Heap Max Capacity: 3016M
 Pre-touch: Disabled
 Parallel Workers: 10
 Concurrent Workers: 3
 Concurrent Refinement Workers: 10
 Periodic GC: Disabled

Heap:
 garbage-first heap   total 90112K, used 52471K [0x0000000743800000, 0x0000000800000000)
  region size 2048K, 15 young (30720K), 2 survivors (4096K)
 Metaspace       used 74001K, committed 74432K, reserved 1114112K
  class space    used 9854K, committed 10048K, reserved 1048576K

Heap Regions: E=young(eden), S=young(survivor), O=old, HS=humongous(starts), HC=humongous(continues), CS=collection set, F=free, OA=open archive, CA=closed archive, TAMS=top-at-mark-start (previous, next)
|   0|0x0000000743800000, 0x0000000743a00000, 0x0000000743a00000|100%| O|  |TAMS 0x0000000743a00000, 0x0000000743800000| Untracked 
|   1|0x0000000743a00000, 0x0000000743c00000, 0x0000000743c00000|100%| O|  |TAMS 0x0000000743c00000, 0x0000000743a00000| Untracked 
|   2|0x0000000743c00000, 0x0000000743e00000, 0x0000000743e00000|100%| O|  |TAMS 0x0000000743e00000, 0x0000000743c00000| Untracked 
|   3|0x0000000743e00000, 0x0000000744000000, 0x0000000744000000|100%| O|  |TAMS 0x0000000744000000, 0x0000000743e00000| Untracked 
|   4|0x0000000744000000, 0x0000000744200000, 0x0000000744200000|100%| O|  |TAMS 0x0000000744200000, 0x0000000744000000| Untracked 
|   5|0x0000000744200000, 0x0000000744400000, 0x0000000744400000|100%| O|  |TAMS 0x0000000744400000, 0x0000000744200000| Untracked 
|   6|0x0000000744400000, 0x0000000744478600, 0x0000000744600000| 23%| O|  |TAMS 0x0000000744478600, 0x0000000744400000| Untracked 
|   7|0x0000000744600000, 0x0000000744800000, 0x0000000744800000|100%| O|  |TAMS 0x0000000744600000, 0x0000000744600000| Untracked 
|   8|0x0000000744800000, 0x0000000744a00000, 0x0000000744a00000|100%| O|  |TAMS 0x0000000744800000, 0x0000000744800000| Untracked 
|   9|0x0000000744a00000, 0x0000000744c00000, 0x0000000744c00000|100%| O|  |TAMS 0x0000000744c00000, 0x0000000744a00000| Untracked 
|  10|0x0000000744c00000, 0x0000000744e00000, 0x0000000744e00000|100%| O|  |TAMS 0x0000000744e00000, 0x0000000744c00000| Untracked 
|  11|0x0000000744e00000, 0x0000000745000000, 0x0000000745000000|100%| O|  |TAMS 0x0000000745000000, 0x0000000744e00000| Untracked 
|  12|0x0000000745000000, 0x0000000745200000, 0x0000000745200000|100%| O|  |TAMS 0x0000000745200000, 0x0000000745000000| Untracked 
|  13|0x0000000745200000, 0x00000007452c5800, 0x0000000745400000| 38%| O|  |TAMS 0x0000000745200000, 0x0000000745200000| Untracked 
|  14|0x0000000745400000, 0x0000000745400000, 0x0000000745600000|  0%| F|  |TAMS 0x0000000745400000, 0x0000000745400000| Untracked 
|  15|0x0000000745600000, 0x0000000745600000, 0x0000000745800000|  0%| F|  |TAMS 0x0000000745600000, 0x0000000745600000| Untracked 
|  16|0x0000000745800000, 0x0000000745800000, 0x0000000745a00000|  0%| F|  |TAMS 0x0000000745800000, 0x0000000745800000| Untracked 
|  17|0x0000000745a00000, 0x0000000745a00000, 0x0000000745c00000|  0%| F|  |TAMS 0x0000000745a00000, 0x0000000745a00000| Untracked 
|  18|0x0000000745c00000, 0x0000000745c00000, 0x0000000745e00000|  0%| F|  |TAMS 0x0000000745c00000, 0x0000000745c00000| Untracked 
|  19|0x0000000745e00000, 0x0000000745e00000, 0x0000000746000000|  0%| F|  |TAMS 0x0000000745e00000, 0x0000000745e00000| Untracked 
|  20|0x0000000746000000, 0x0000000746000000, 0x0000000746200000|  0%| F|  |TAMS 0x0000000746000000, 0x0000000746000000| Untracked 
|  21|0x0000000746200000, 0x0000000746200000, 0x0000000746400000|  0%| F|  |TAMS 0x0000000746200000, 0x0000000746200000| Untracked 
|  22|0x0000000746400000, 0x0000000746400000, 0x0000000746600000|  0%| F|  |TAMS 0x0000000746400000, 0x0000000746400000| Untracked 
|  23|0x0000000746600000, 0x0000000746800000, 0x0000000746800000|100%| S|CS|TAMS 0x0000000746600000, 0x0000000746600000| Complete 
|  24|0x0000000746800000, 0x0000000746a00000, 0x0000000746a00000|100%| S|CS|TAMS 0x0000000746800000, 0x0000000746800000| Complete 
|  25|0x0000000746a00000, 0x0000000746a00000, 0x0000000746c00000|  0%| F|  |TAMS 0x0000000746a00000, 0x0000000746a00000| Untracked 
|  26|0x0000000746c00000, 0x0000000746c00000, 0x0000000746e00000|  0%| F|  |TAMS 0x0000000746c00000, 0x0000000746c00000| Untracked 
|  27|0x0000000746e00000, 0x0000000746e00000, 0x0000000747000000|  0%| F|  |TAMS 0x0000000746e00000, 0x0000000746e00000| Untracked 
|  28|0x0000000747000000, 0x0000000747000000, 0x0000000747200000|  0%| F|  |TAMS 0x0000000747000000, 0x0000000747000000| Untracked 
|  29|0x0000000747200000, 0x0000000747200000, 0x0000000747400000|  0%| F|  |TAMS 0x0000000747200000, 0x0000000747200000| Untracked 
|  30|0x0000000747400000, 0x0000000747400000, 0x0000000747600000|  0%| F|  |TAMS 0x0000000747400000, 0x0000000747400000| Untracked 
|  31|0x0000000747600000, 0x00000007477d2bc0, 0x0000000747800000| 91%| E|  |TAMS 0x0000000747600000, 0x0000000747600000| Complete 
|  32|0x0000000747800000, 0x0000000747a00000, 0x0000000747a00000|100%| E|CS|TAMS 0x0000000747800000, 0x0000000747800000| Complete 
|  33|0x0000000747a00000, 0x0000000747c00000, 0x0000000747c00000|100%| E|CS|TAMS 0x0000000747a00000, 0x0000000747a00000| Complete 
|  34|0x0000000747c00000, 0x0000000747e00000, 0x0000000747e00000|100%| E|  |TAMS 0x0000000747c00000, 0x0000000747c00000| Complete 
|  35|0x0000000747e00000, 0x0000000748000000, 0x0000000748000000|100%| E|CS|TAMS 0x0000000747e00000, 0x0000000747e00000| Complete 
|  36|0x0000000748000000, 0x0000000748200000, 0x0000000748200000|100%| E|CS|TAMS 0x0000000748000000, 0x0000000748000000| Complete 
|  37|0x0000000748200000, 0x0000000748400000, 0x0000000748400000|100%| E|CS|TAMS 0x0000000748200000, 0x0000000748200000| Complete 
|  38|0x0000000748400000, 0x0000000748600000, 0x0000000748600000|100%| E|CS|TAMS 0x0000000748400000, 0x0000000748400000| Complete 
|  39|0x0000000748600000, 0x0000000748800000, 0x0000000748800000|100%| E|CS|TAMS 0x0000000748600000, 0x0000000748600000| Complete 
|  40|0x0000000748800000, 0x0000000748a00000, 0x0000000748a00000|100%| E|CS|TAMS 0x0000000748800000, 0x0000000748800000| Complete 
|  41|0x0000000748a00000, 0x0000000748c00000, 0x0000000748c00000|100%| E|CS|TAMS 0x0000000748a00000, 0x0000000748a00000| Complete 
|  60|0x000000074b000000, 0x000000074b200000, 0x000000074b200000|100%| E|CS|TAMS 0x000000074b000000, 0x000000074b000000| Complete 
|  94|0x000000074f400000, 0x000000074f600000, 0x000000074f600000|100%| E|CS|TAMS 0x000000074f400000, 0x000000074f400000| Complete 

Card table byte_map: [0x0000017b71c70000,0x0000017b72260000] _byte_map_base: 0x0000017b6e254000

Marking Bits (Prev, Next): (CMBitMap*) 0x0000017b5ebe1850, (CMBitMap*) 0x0000017b5ebe1810
 Prev Bits: [0x0000017b75770000, 0x0000017b78690000)
 Next Bits: [0x0000017b72850000, 0x0000017b75770000)

Polling page: 0x0000017b5cb10000

Metaspace:

Usage:
  Non-class:     62.64 MB used.
      Class:      9.62 MB used.
       Both:     72.27 MB used.

Virtual space:
  Non-class space:       64.00 MB reserved,      62.88 MB ( 98%) committed,  8 nodes.
      Class space:        1.00 GB reserved,       9.81 MB ( <1%) committed,  1 nodes.
              Both:        1.06 GB reserved,      72.69 MB (  7%) committed. 

Chunk freelists:
   Non-Class:  1.03 MB
       Class:  2.14 MB
        Both:  3.17 MB

MaxMetaspaceSize: 17179869184.00 GB
CompressedClassSpaceSize: 1.00 GB
 - commit_granule_bytes: 65536.
 - commit_granule_words: 8192.
 - virtual_space_node_default_size: 1048576.
 - enlarge_chunks_in_place: 1.
 - new_chunks_are_fully_committed: 0.
 - uncommit_free_chunks: 1.
 - use_allocation_guard: 0.
 - handle_deallocations: 1.


Internal statistics:

num_allocs_failed_limit: 9.
num_arena_births: 592.
num_arena_deaths: 0.
num_vsnodes_births: 9.
num_vsnodes_deaths: 0.
num_space_committed: 1163.
num_space_uncommitted: 0.
num_chunks_returned_to_freelist: 9.
num_chunks_taken_from_freelist: 2821.
num_chunk_merges: 9.
num_chunk_splits: 2044.
num_chunks_enlarged: 1621.
num_purges: 0.

CodeHeap 'non-profiled nmethods': size=238336Kb used=11305Kb max_used=11305Kb free=227030Kb
 bounds [0x0000017b62850000, 0x0000017b63360000, 0x0000017b71110000]
CodeHeap 'non-nmethods': size=7424Kb used=1417Kb max_used=1417Kb free=6006Kb
 bounds [0x0000017b62110000, 0x0000017b62380000, 0x0000017b62850000]
 total_blobs=7025 nmethods=6347 adapters=604
 compilation: enabled
              stopped_count=0, restarted_count=0
 full_count=0

Compilation events (20 events):
Event: 62.349 Thread 0x0000017b7bc49840 6338       1       java.util.EventObject::<init> (24 bytes)
Event: 62.349 Thread 0x0000017b7bc49840 nmethod 6338 0x0000017b63357c90 code [0x0000017b63357e40, 0x0000017b63358048]
Event: 63.309 Thread 0x0000017b7bc49840 6339       1       java.io.ObjectInputStream$BlockDataInputStream::readInt (73 bytes)
Event: 63.309 Thread 0x0000017b7bc49840 nmethod 6339 0x0000017b63358110 code [0x0000017b633582e0, 0x0000017b633584a8]
Event: 63.309 Thread 0x0000017b7bc49840 6340       1       sun.nio.ch.NioSocketImpl$2::write (11 bytes)
Event: 63.309 Thread 0x0000017b7bc49840 nmethod 6340 0x0000017b63358590 code [0x0000017b63358740, 0x0000017b63358848]
Event: 63.309 Thread 0x0000017b7bc49840 6341   !   1       sun.nio.ch.NioSocketImpl::endWrite (58 bytes)
Event: 63.309 Thread 0x0000017b7bc49840 nmethod 6341 0x0000017b63358910 code [0x0000017b63358ae0, 0x0000017b63358e38]
Event: 64.203 Thread 0x0000017b7bc49840 6342       1       java.util.concurrent.ScheduledThreadPoolExecutor::canRunInCurrentRunState (61 bytes)
Event: 64.203 Thread 0x0000017b7bc49840 nmethod 6342 0x0000017b63359090 code [0x0000017b63359260, 0x0000017b63359528]
Event: 66.195 Thread 0x0000017b7bc49840 6343       1       java.util.concurrent.ScheduledThreadPoolExecutor$ScheduledFutureTask::getDelay (16 bytes)
Event: 66.195 Thread 0x0000017b7bc49840 nmethod 6343 0x0000017b63359710 code [0x0000017b633598c0, 0x0000017b633599e8]
Event: 66.195 Thread 0x0000017b7bc49840 6344       1       java.util.concurrent.locks.ReentrantLock$NonfairSync::tryAcquire (27 bytes)
Event: 66.195 Thread 0x0000017b7bc49840 nmethod 6344 0x0000017b63359a90 code [0x0000017b63359c20, 0x0000017b63359db8]
Event: 68.202 Thread 0x0000017b7bc49840 6345       1       java.util.concurrent.ThreadPoolExecutor::workerCountOf (5 bytes)
Event: 68.202 Thread 0x0000017b7bc49840 nmethod 6345 0x0000017b63359e90 code [0x0000017b6335a020, 0x0000017b6335a0d8]
Event: 69.198 Thread 0x0000017b7bc49840 6346       1       java.util.concurrent.locks.LockSupport::setBlocker (12 bytes)
Event: 69.199 Thread 0x0000017b7bc49840 nmethod 6346 0x0000017b6335a190 code [0x0000017b6335a320, 0x0000017b6335a438]
Event: 72.364 Thread 0x0000017b7bc49840 6347       1       org.apache.catalina.LifecycleEvent::getType (5 bytes)
Event: 72.364 Thread 0x0000017b7bc49840 nmethod 6347 0x0000017b6335a490 code [0x0000017b6335a620, 0x0000017b6335a6f8]

GC Heap History (20 events):
Event: 2.415 GC heap before
{Heap before GC invocations=15 (full 0):
 garbage-first heap   total 71680K, used 52097K [0x0000000743800000, 0x0000000800000000)
  region size 2048K, 19 young (38912K), 1 survivors (2048K)
 Metaspace       used 42348K, committed 42816K, reserved 1089536K
  class space    used 5285K, committed 5504K, reserved 1048576K
}
Event: 2.417 GC heap after
{Heap after GC invocations=16 (full 0):
 garbage-first heap   total 71680K, used 18004K [0x0000000743800000, 0x0000000800000000)
  region size 2048K, 1 young (2048K), 1 survivors (2048K)
 Metaspace       used 42348K, committed 42816K, reserved 1089536K
  class space    used 5285K, committed 5504K, reserved 1048576K
}
Event: 2.626 GC heap before
{Heap before GC invocations=16 (full 0):
 garbage-first heap   total 71680K, used 54868K [0x0000000743800000, 0x0000000800000000)
  region size 2048K, 19 young (38912K), 1 survivors (2048K)
 Metaspace       used 45838K, committed 46144K, reserved 1089536K
  class space    used 5925K, committed 6080K, reserved 1048576K
}
Event: 2.628 GC heap after
{Heap after GC invocations=17 (full 0):
 garbage-first heap   total 71680K, used 18442K [0x0000000743800000, 0x0000000800000000)
  region size 2048K, 1 young (2048K), 1 survivors (2048K)
 Metaspace       used 45838K, committed 46144K, reserved 1089536K
  class space    used 5925K, committed 6080K, reserved 1048576K
}
Event: 4.440 GC heap before
{Heap before GC invocations=17 (full 0):
 garbage-first heap   total 71680K, used 57354K [0x0000000743800000, 0x0000000800000000)
  region size 2048K, 20 young (40960K), 1 survivors (2048K)
 Metaspace       used 51827K, committed 52224K, reserved 1097728K
  class space    used 6641K, committed 6784K, reserved 1048576K
}
Event: 4.442 GC heap after
{Heap after GC invocations=18 (full 0):
 garbage-first heap   total 71680K, used 20972K [0x0000000743800000, 0x0000000800000000)
  region size 2048K, 3 young (6144K), 3 survivors (6144K)
 Metaspace       used 51827K, committed 52224K, reserved 1097728K
  class space    used 6641K, committed 6784K, reserved 1048576K
}
Event: 4.628 GC heap before
{Heap before GC invocations=18 (full 0):
 garbage-first heap   total 71680K, used 51692K [0x0000000743800000, 0x0000000800000000)
  region size 2048K, 19 young (38912K), 3 survivors (6144K)
 Metaspace       used 55037K, committed 55424K, reserved 1097728K
  class space    used 7120K, committed 7296K, reserved 1048576K
}
Event: 4.632 GC heap after
{Heap after GC invocations=19 (full 0):
 garbage-first heap   total 71680K, used 22205K [0x0000000743800000, 0x0000000800000000)
  region size 2048K, 3 young (6144K), 3 survivors (6144K)
 Metaspace       used 55037K, committed 55424K, reserved 1097728K
  class space    used 7120K, committed 7296K, reserved 1048576K
}
Event: 4.828 GC heap before
{Heap before GC invocations=19 (full 0):
 garbage-first heap   total 71680K, used 54973K [0x0000000743800000, 0x0000000800000000)
  region size 2048K, 19 young (38912K), 3 survivors (6144K)
 Metaspace       used 58187K, committed 58624K, reserved 1105920K
  class space    used 7585K, committed 7808K, reserved 1048576K
}
Event: 4.831 GC heap after
{Heap after GC invocations=20 (full 0):
 garbage-first heap   total 143360K, used 22529K [0x0000000743800000, 0x0000000800000000)
  region size 2048K, 1 young (2048K), 1 survivors (2048K)
 Metaspace       used 58187K, committed 58624K, reserved 1105920K
  class space    used 7585K, committed 7808K, reserved 1048576K
}
Event: 4.948 GC heap before
{Heap before GC invocations=20 (full 0):
 garbage-first heap   total 143360K, used 38913K [0x0000000743800000, 0x0000000800000000)
  region size 2048K, 10 young (20480K), 1 survivors (2048K)
 Metaspace       used 59492K, committed 59840K, reserved 1105920K
  class space    used 7812K, committed 8000K, reserved 1048576K
}
Event: 4.950 GC heap after
{Heap after GC invocations=21 (full 0):
 garbage-first heap   total 143360K, used 22580K [0x0000000743800000, 0x0000000800000000)
  region size 2048K, 1 young (2048K), 1 survivors (2048K)
 Metaspace       used 59492K, committed 59840K, reserved 1105920K
  class space    used 7812K, committed 8000K, reserved 1048576K
}
Event: 6.587 GC heap before
{Heap before GC invocations=22 (full 0):
 garbage-first heap   total 90112K, used 73780K [0x0000000743800000, 0x0000000800000000)
  region size 2048K, 26 young (53248K), 1 survivors (2048K)
 Metaspace       used 63262K, committed 63616K, reserved 1105920K
  class space    used 8375K, committed 8576K, reserved 1048576K
}
Event: 6.591 GC heap after
{Heap after GC invocations=23 (full 0):
 garbage-first heap   total 90112K, used 24243K [0x0000000743800000, 0x0000000800000000)
  region size 2048K, 2 young (4096K), 2 survivors (4096K)
 Metaspace       used 63262K, committed 63616K, reserved 1105920K
  class space    used 8375K, committed 8576K, reserved 1048576K
}
Event: 6.923 GC heap before
{Heap before GC invocations=23 (full 0):
 garbage-first heap   total 90112K, used 71347K [0x0000000743800000, 0x0000000800000000)
  region size 2048K, 25 young (51200K), 2 survivors (4096K)
 Metaspace       used 66257K, committed 66624K, reserved 1114112K
  class space    used 8777K, committed 8960K, reserved 1048576K
}
Event: 6.927 GC heap after
{Heap after GC invocations=24 (full 0):
 garbage-first heap   total 90112K, used 26285K [0x0000000743800000, 0x0000000800000000)
  region size 2048K, 3 young (6144K), 3 survivors (6144K)
 Metaspace       used 66257K, committed 66624K, reserved 1114112K
  class space    used 8777K, committed 8960K, reserved 1048576K
}
Event: 7.270 GC heap before
{Heap before GC invocations=24 (full 0):
 garbage-first heap   total 90112K, used 71341K [0x0000000743800000, 0x0000000800000000)
  region size 2048K, 25 young (51200K), 3 survivors (6144K)
 Metaspace       used 69583K, committed 70016K, reserved 1114112K
  class space    used 9259K, committed 9472K, reserved 1048576K
}
Event: 7.275 GC heap after
{Heap after GC invocations=25 (full 0):
 garbage-first heap   total 90112K, used 29037K [0x0000000743800000, 0x0000000800000000)
  region size 2048K, 4 young (8192K), 4 survivors (8192K)
 Metaspace       used 69583K, committed 70016K, reserved 1114112K
  class space    used 9259K, committed 9472K, reserved 1048576K
}
Event: 11.436 GC heap before
{Heap before GC invocations=25 (full 0):
 garbage-first heap   total 90112K, used 65901K [0x0000000743800000, 0x0000000800000000)
  region size 2048K, 23 young (47104K), 4 survivors (8192K)
 Metaspace       used 72380K, committed 72832K, reserved 1114112K
  class space    used 9636K, committed 9856K, reserved 1048576K
}
Event: 11.442 GC heap after
{Heap after GC invocations=26 (full 0):
 garbage-first heap   total 90112K, used 29943K [0x0000000743800000, 0x0000000800000000)
  region size 2048K, 2 young (4096K), 2 survivors (4096K)
 Metaspace       used 72380K, committed 72832K, reserved 1114112K
  class space    used 9636K, committed 9856K, reserved 1048576K
}

Deoptimization events (20 events):
Event: 11.522 Thread 0x0000017b00ec5010 DEOPT PACKING pc=0x0000017b629df87c sp=0x0000007b2c0fbf60
Event: 11.522 Thread 0x0000017b00ec5010 DEOPT UNPACKING pc=0x0000017b6215dece sp=0x0000007b2c0fb450 mode 1
Event: 11.523 Thread 0x0000017b00ec5010 DEOPT PACKING pc=0x0000017b62a5aa64 sp=0x0000007b2c0fb470
Event: 11.523 Thread 0x0000017b00ec5010 DEOPT UNPACKING pc=0x0000017b6215dece sp=0x0000007b2c0fa908 mode 1
Event: 11.523 Thread 0x0000017b00ec5010 DEOPT PACKING pc=0x0000017b62a5411c sp=0x0000007b2c0fb540
Event: 11.523 Thread 0x0000017b00ec5010 DEOPT UNPACKING pc=0x0000017b6215dece sp=0x0000007b2c0fa9f8 mode 1
Event: 11.523 Thread 0x0000017b00ec5010 DEOPT PACKING pc=0x0000017b629df87c sp=0x0000007b2c0fbf60
Event: 11.523 Thread 0x0000017b00ec5010 DEOPT UNPACKING pc=0x0000017b6215dece sp=0x0000007b2c0fb450 mode 1
Event: 12.859 Thread 0x0000017b7e462910 DEOPT PACKING pc=0x0000017b63342411 sp=0x0000007b2b8fda80
Event: 12.859 Thread 0x0000017b7e462910 DEOPT UNPACKING pc=0x0000017b6215dece sp=0x0000007b2b8fcf38 mode 1
Event: 12.988 Thread 0x0000017b7e462910 DEOPT PACKING pc=0x0000017b63342411 sp=0x0000007b2b8fde20
Event: 12.988 Thread 0x0000017b7e462910 DEOPT UNPACKING pc=0x0000017b6215dece sp=0x0000007b2b8fd2d8 mode 1
Event: 14.176 Thread 0x0000017b7e462910 DEOPT PACKING pc=0x0000017b63342411 sp=0x0000007b2b8fda80
Event: 14.176 Thread 0x0000017b7e462910 DEOPT UNPACKING pc=0x0000017b6215dece sp=0x0000007b2b8fcf38 mode 1
Event: 14.309 Thread 0x0000017b7e462910 DEOPT PACKING pc=0x0000017b63342411 sp=0x0000007b2b8fde20
Event: 14.309 Thread 0x0000017b7e462910 DEOPT UNPACKING pc=0x0000017b6215dece sp=0x0000007b2b8fd2d8 mode 1
Event: 15.521 Thread 0x0000017b7e462910 DEOPT PACKING pc=0x0000017b63342411 sp=0x0000007b2b8fda80
Event: 15.521 Thread 0x0000017b7e462910 DEOPT UNPACKING pc=0x0000017b6215dece sp=0x0000007b2b8fcf38 mode 1
Event: 15.650 Thread 0x0000017b7e462910 DEOPT PACKING pc=0x0000017b63342411 sp=0x0000007b2b8fde20
Event: 15.650 Thread 0x0000017b7e462910 DEOPT UNPACKING pc=0x0000017b6215dece sp=0x0000007b2b8fd2d8 mode 1

Classes unloaded (0 events):
No events

Classes redefined (1 events):
Event: 73.986 Thread 0x0000017b7bc10c50 redefined class name=cl.mercadolibre.OperacionFuegodeQuasar.services.GetLocationAndMessageServiceImpl, count=1

Internal exceptions (20 events):
Event: 7.319 Thread 0x0000017b5eb9d5d0 Exception <a 'java/lang/ClassNotFoundException'{0x0000000748ab2278}: org/springframework/validation/ObjectErrorBeanInfo> (0x0000000748ab2278) 
thrown [t:\workspace\open\src\hotspot\share\classfile\systemDictionary.cpp, line 256]
Event: 7.320 Thread 0x0000017b5eb9d5d0 Exception <a 'java/lang/ClassNotFoundException'{0x0000000748ab5cc0}: org/springframework/context/support/DefaultMessageSourceResolvableBeanInfo> (0x0000000748ab5cc0) 
thrown [t:\workspace\open\src\hotspot\share\classfile\systemDictionary.cpp, line 256]
Event: 7.320 Thread 0x0000017b5eb9d5d0 Exception <a 'java/lang/ClassNotFoundException'{0x0000000748ab69d8}: java/lang/ObjectBeanInfo> (0x0000000748ab69d8) 
thrown [t:\workspace\open\src\hotspot\share\classfile\systemDictionary.cpp, line 256]
Event: 7.320 Thread 0x0000017b5eb9d5d0 Exception <a 'java/lang/ClassNotFoundException'{0x0000000748ab76a8}: java/lang/ObjectCustomizer> (0x0000000748ab76a8) 
thrown [t:\workspace\open\src\hotspot\share\classfile\systemDictionary.cpp, line 256]
Event: 7.320 Thread 0x0000017b5eb9d5d0 Exception <a 'java/lang/ClassNotFoundException'{0x0000000748abe988}: org/springframework/context/support/DefaultMessageSourceResolvableCustomizer> (0x0000000748abe988) 
thrown [t:\workspace\open\src\hotspot\share\classfile\systemDictionary.cpp, line 256]
Event: 7.321 Thread 0x0000017b5eb9d5d0 Exception <a 'java/lang/ClassNotFoundException'{0x0000000748aca580}: org/springframework/validation/ObjectErrorCustomizer> (0x0000000748aca580) 
thrown [t:\workspace\open\src\hotspot\share\classfile\systemDictionary.cpp, line 256]
Event: 7.322 Thread 0x0000017b5eb9d5d0 Exception <a 'java/lang/ClassNotFoundException'{0x0000000748adbd28}: [Ljava/lang/String;BeanInfo> (0x0000000748adbd28) 
thrown [t:\workspace\open\src\hotspot\share\prims\jni.cpp, line 600]
Event: 7.322 Thread 0x0000017b5eb9d5d0 Exception <a 'java/lang/ClassNotFoundException'{0x0000000748adc2e8}: [Ljava/lang/String;BeanInfo> (0x0000000748adc2e8) 
thrown [t:\workspace\open\src\hotspot\share\prims\jni.cpp, line 600]
Event: 7.322 Thread 0x0000017b5eb9d5d0 Exception <a 'java/lang/ClassNotFoundException'{0x0000000748adc968}: [Ljava/lang/String;Customizer> (0x0000000748adc968) 
thrown [t:\workspace\open\src\hotspot\share\prims\jni.cpp, line 600]
Event: 7.322 Thread 0x0000017b5eb9d5d0 Exception <a 'java/lang/ClassNotFoundException'{0x0000000748adcf28}: [Ljava/lang/String;Customizer> (0x0000000748adcf28) 
thrown [t:\workspace\open\src\hotspot\share\prims\jni.cpp, line 600]
Event: 7.322 Thread 0x0000017b5eb9d5d0 Exception <a 'java/lang/ClassNotFoundException'{0x0000000748ae08a8}: [Ljava/lang/Object;BeanInfo> (0x0000000748ae08a8) 
thrown [t:\workspace\open\src\hotspot\share\prims\jni.cpp, line 600]
Event: 7.322 Thread 0x0000017b5eb9d5d0 Exception <a 'java/lang/ClassNotFoundException'{0x0000000748ae0e68}: [Ljava/lang/Object;BeanInfo> (0x0000000748ae0e68) 
thrown [t:\workspace\open\src\hotspot\share\prims\jni.cpp, line 600]
Event: 7.322 Thread 0x0000017b5eb9d5d0 Exception <a 'java/lang/ClassNotFoundException'{0x0000000748ae14e8}: [Ljava/lang/Object;Customizer> (0x0000000748ae14e8) 
thrown [t:\workspace\open\src\hotspot\share\prims\jni.cpp, line 600]
Event: 7.322 Thread 0x0000017b5eb9d5d0 Exception <a 'java/lang/ClassNotFoundException'{0x0000000748ae1aa8}: [Ljava/lang/Object;Customizer> (0x0000000748ae1aa8) 
thrown [t:\workspace\open\src\hotspot\share\prims\jni.cpp, line 600]
Event: 7.325 Thread 0x0000017b5eb9d5d0 Exception <a 'java/lang/ClassNotFoundException'{0x0000000748b16da8}: org/springframework/validation/FieldErrorBeanInfo> (0x0000000748b16da8) 
thrown [t:\workspace\open\src\hotspot\share\classfile\systemDictionary.cpp, line 256]
Event: 7.325 Thread 0x0000017b5eb9d5d0 Exception <a 'java/lang/ClassNotFoundException'{0x0000000748b1a380}: org/springframework/validation/FieldErrorCustomizer> (0x0000000748b1a380) 
thrown [t:\workspace\open\src\hotspot\share\classfile\systemDictionary.cpp, line 256]
Event: 11.488 Thread 0x0000017b00ec5010 Exception <a 'java/lang/NoSuchMethodError'{0x0000000748b64d28}: 'java.lang.Object java.lang.invoke.DirectMethodHandle$Holder.newInvokeSpecial(java.lang.Object, java.lang.Object, java.lang.Object, java.lang.Object, java.lang.Object, java.lang.Object, java.lang.Object)'> (0x0000000748b64d28) 
thrown [t:\workspace\open\src\hotspot\share\interpreter\linkResolver.cpp, line 790]
Event: 11.488 Thread 0x0000017b00ec5010 Exception <a 'java/lang/NoSuchMethodError'{0x0000000748b69ae0}: 'java.lang.Object java.lang.invoke.Invokers$Holder.linkToTargetMethod(java.lang.Object, java.lang.Object, java.lang.Object, java.lang.Object, java.lang.Object, java.lang.Object, java.lang.Object)'> (0x0000000748b69ae0) 
thrown [t:\workspace\open\src\hotspot\share\interpreter\linkResolver.cpp, line 790]
Event: 26.809 Thread 0x0000017b00ec5010 Exception <a 'java/lang/ClassNotFoundException'{0x0000000747e35ac8}: java/lang/ObjectCustomizer> (0x0000000747e35ac8) 
thrown [t:\workspace\open\src\hotspot\share\classfile\systemDictionary.cpp, line 256]
Event: 26.842 Thread 0x0000017b00ec5010 Exception <a 'java/lang/ClassNotFoundException'{0x0000000747e40440}: cl/mercadolibre/OperacionFuegodeQuasar/entity/SatelitesEntityCustomizer> (0x0000000747e40440) 
thrown [t:\workspace\open\src\hotspot\share\classfile\systemDictionary.cpp, line 256]

Events (20 events):
Event: 74.016 Executing  VM operation: ChangeBreakpoints done
Event: 74.026 Executing  VM operation: ChangeBreakpoints
Event: 74.027 Executing  VM operation: ChangeBreakpoints done
Event: 74.040 Executing  VM operation: ChangeBreakpoints
Event: 74.041 Executing  VM operation: ChangeBreakpoints done
Event: 74.043 Executing  VM operation: ChangeSingleStep
Event: 74.043 Executing  VM operation: ChangeSingleStep done
Event: 74.043 Executing  VM operation: get/set locals
Event: 74.044 Executing  VM operation: get/set locals done
Event: 74.045 Executing  VM operation: ChangeSingleStep
Event: 74.045 Executing  VM operation: ChangeSingleStep done
Event: 74.047 Executing  VM operation: GetObjectMonitorUsage
Event: 74.047 Executing  VM operation: GetObjectMonitorUsage done
Event: 74.047 Executing  VM operation: GetObjectMonitorUsage
Event: 74.047 Executing  VM operation: GetObjectMonitorUsage done
Event: 74.052 Executing  VM operation: GetObjectMonitorUsage
Event: 74.052 Executing  VM operation: GetObjectMonitorUsage done
Event: 74.052 Executing  VM operation: GetObjectMonitorUsage
Event: 74.052 Executing  VM operation: GetObjectMonitorUsage done
Event: 74.301 Executing  VM operation: get/set locals


Dynamic libraries:
0x00007ff764580000 - 0x00007ff76458e000 	C:\Users\jazmi\Documents\sts-4.12.0.RELEASE\plugins\org.eclipse.justj.openjdk.hotspot.jre.full.win32.x86_64_16.0.2.v20210721-1149\jre\bin\javaw.exe
0x00007ffcf55f0000 - 0x00007ffcf57e5000 	C:\windows\SYSTEM32\ntdll.dll
0x00007ffcf5290000 - 0x00007ffcf534e000 	C:\windows\System32\KERNEL32.DLL
0x00007ffcf2ed0000 - 0x00007ffcf3199000 	C:\windows\System32\KERNELBASE.dll
0x00007ffcf32f0000 - 0x00007ffcf33f0000 	C:\windows\System32\ucrtbase.dll
0x00007ffcafe80000 - 0x00007ffcafe99000 	C:\Users\jazmi\Documents\sts-4.12.0.RELEASE\plugins\org.eclipse.justj.openjdk.hotspot.jre.full.win32.x86_64_16.0.2.v20210721-1149\jre\bin\VCRUNTIME140.dll
0x00007ffce99c0000 - 0x00007ffce99d8000 	C:\Users\jazmi\Documents\sts-4.12.0.RELEASE\plugins\org.eclipse.justj.openjdk.hotspot.jre.full.win32.x86_64_16.0.2.v20210721-1149\jre\bin\jli.dll
0x00007ffcf5350000 - 0x00007ffcf54f1000 	C:\windows\System32\USER32.dll
0x00007ffcf33f0000 - 0x00007ffcf3412000 	C:\windows\System32\win32u.dll
0x00007ffcd1af0000 - 0x00007ffcd1d8a000 	C:\windows\WinSxS\amd64_microsoft.windows.common-controls_6595b64144ccf1df_6.0.19041.1110_none_60b5254171f9507e\COMCTL32.dll
0x00007ffcf3880000 - 0x00007ffcf38ab000 	C:\windows\System32\GDI32.dll
0x00007ffcf4ac0000 - 0x00007ffcf4b5e000 	C:\windows\System32\msvcrt.dll
0x00007ffcf3470000 - 0x00007ffcf357b000 	C:\windows\System32\gdi32full.dll
0x00007ffcf3250000 - 0x00007ffcf32ed000 	C:\windows\System32\msvcp_win.dll
0x00007ffcf4a90000 - 0x00007ffcf4ac0000 	C:\windows\System32\IMM32.DLL
0x00007ffcd1030000 - 0x00007ffcd103c000 	C:\Users\jazmi\Documents\sts-4.12.0.RELEASE\plugins\org.eclipse.justj.openjdk.hotspot.jre.full.win32.x86_64_16.0.2.v20210721-1149\jre\bin\vcruntime140_1.dll
0x00007ffc9b140000 - 0x00007ffc9b1d1000 	C:\Users\jazmi\Documents\sts-4.12.0.RELEASE\plugins\org.eclipse.justj.openjdk.hotspot.jre.full.win32.x86_64_16.0.2.v20210721-1149\jre\bin\msvcp140.dll
0x00007ffc4ce90000 - 0x00007ffc4da3b000 	C:\Users\jazmi\Documents\sts-4.12.0.RELEASE\plugins\org.eclipse.justj.openjdk.hotspot.jre.full.win32.x86_64_16.0.2.v20210721-1149\jre\bin\server\jvm.dll
0x00007ffcf3b80000 - 0x00007ffcf3c2c000 	C:\windows\System32\ADVAPI32.dll
0x00007ffcf3a60000 - 0x00007ffcf3afb000 	C:\windows\System32\sechost.dll
0x00007ffcf3c30000 - 0x00007ffcf3d5a000 	C:\windows\System32\RPCRT4.dll
0x00007ffcf5100000 - 0x00007ffcf5108000 	C:\windows\System32\PSAPI.DLL
0x00007ffcdf0a0000 - 0x00007ffcdf0c7000 	C:\windows\SYSTEM32\WINMM.dll
0x00007ffccca60000 - 0x00007ffccca69000 	C:\windows\SYSTEM32\WSOCK32.dll
0x00007ffce8f00000 - 0x00007ffce8f0a000 	C:\windows\SYSTEM32\VERSION.dll
0x00007ffcf4b60000 - 0x00007ffcf4bcb000 	C:\windows\System32\WS2_32.dll
0x00007ffcf18d0000 - 0x00007ffcf18e2000 	C:\windows\SYSTEM32\kernel.appcore.dll
0x00007ffceb230000 - 0x00007ffceb23a000 	C:\Users\jazmi\Documents\sts-4.12.0.RELEASE\plugins\org.eclipse.justj.openjdk.hotspot.jre.full.win32.x86_64_16.0.2.v20210721-1149\jre\bin\jimage.dll
0x00007ffced860000 - 0x00007ffceda44000 	C:\windows\SYSTEM32\DBGHELP.DLL
0x00007ffccea70000 - 0x00007ffccea9c000 	C:\windows\SYSTEM32\dbgcore.DLL
0x00007ffcf35b0000 - 0x00007ffcf3633000 	C:\windows\System32\bcryptPrimitives.dll
0x00007ffcad5b0000 - 0x00007ffcad5eb000 	C:\Users\jazmi\Documents\sts-4.12.0.RELEASE\plugins\org.eclipse.justj.openjdk.hotspot.jre.full.win32.x86_64_16.0.2.v20210721-1149\jre\bin\jdwp.dll
0x00007ffce9e40000 - 0x00007ffce9e4e000 	C:\Users\jazmi\Documents\sts-4.12.0.RELEASE\plugins\org.eclipse.justj.openjdk.hotspot.jre.full.win32.x86_64_16.0.2.v20210721-1149\jre\bin\instrument.dll
0x00007ffce9650000 - 0x00007ffce9675000 	C:\Users\jazmi\Documents\sts-4.12.0.RELEASE\plugins\org.eclipse.justj.openjdk.hotspot.jre.full.win32.x86_64_16.0.2.v20210721-1149\jre\bin\java.dll
0x00007ffcccbc0000 - 0x00007ffcccbd8000 	C:\Users\jazmi\Documents\sts-4.12.0.RELEASE\plugins\org.eclipse.justj.openjdk.hotspot.jre.full.win32.x86_64_16.0.2.v20210721-1149\jre\bin\zip.dll
0x00007ffcf4290000 - 0x00007ffcf49cf000 	C:\windows\System32\SHELL32.dll
0x00007ffcf0ce0000 - 0x00007ffcf1470000 	C:\windows\SYSTEM32\windows.storage.dll
0x00007ffcf4bd0000 - 0x00007ffcf4f25000 	C:\windows\System32\combase.dll
0x00007ffcf2760000 - 0x00007ffcf278c000 	C:\windows\SYSTEM32\Wldp.dll
0x00007ffcf41e0000 - 0x00007ffcf428e000 	C:\windows\System32\SHCORE.dll
0x00007ffcf4a30000 - 0x00007ffcf4a85000 	C:\windows\System32\shlwapi.dll
0x00007ffcf2c50000 - 0x00007ffcf2c6f000 	C:\windows\SYSTEM32\profapi.dll
0x00007ffcec3f0000 - 0x00007ffcec3fc000 	C:\Users\jazmi\Documents\sts-4.12.0.RELEASE\plugins\org.eclipse.justj.openjdk.hotspot.jre.full.win32.x86_64_16.0.2.v20210721-1149\jre\bin\dt_socket.dll
0x00007ffcf2130000 - 0x00007ffcf216b000 	C:\windows\SYSTEM32\IPHLPAPI.DLL
0x00007ffcf2470000 - 0x00007ffcf24da000 	C:\windows\system32\mswsock.dll
0x00007ffcf2170000 - 0x00007ffcf223c000 	C:\windows\SYSTEM32\DNSAPI.dll
0x00007ffcf4f30000 - 0x00007ffcf4f38000 	C:\windows\System32\NSI.dll
0x00007ffce0af0000 - 0x00007ffce0afa000 	C:\Windows\System32\rasadhlp.dll
0x00007ffcdfbd0000 - 0x00007ffcdfc4f000 	C:\windows\System32\fwpuclnt.dll
0x00007ffcf3580000 - 0x00007ffcf35a7000 	C:\windows\System32\bcrypt.dll
0x00007ffccc080000 - 0x00007ffccc099000 	C:\Users\jazmi\Documents\sts-4.12.0.RELEASE\plugins\org.eclipse.justj.openjdk.hotspot.jre.full.win32.x86_64_16.0.2.v20210721-1149\jre\bin\net.dll
0x00007ffce79c0000 - 0x00007ffce7ac8000 	C:\windows\SYSTEM32\WINHTTP.dll
0x00007ffcb89b0000 - 0x00007ffcb89c3000 	C:\Users\jazmi\Documents\sts-4.12.0.RELEASE\plugins\org.eclipse.justj.openjdk.hotspot.jre.full.win32.x86_64_16.0.2.v20210721-1149\jre\bin\nio.dll
0x00007ffccffd0000 - 0x00007ffccffd9000 	C:\Users\jazmi\Documents\sts-4.12.0.RELEASE\plugins\org.eclipse.justj.openjdk.hotspot.jre.full.win32.x86_64_16.0.2.v20210721-1149\jre\bin\management.dll
0x00007ffcca260000 - 0x00007ffcca26b000 	C:\Users\jazmi\Documents\sts-4.12.0.RELEASE\plugins\org.eclipse.justj.openjdk.hotspot.jre.full.win32.x86_64_16.0.2.v20210721-1149\jre\bin\management_ext.dll
0x00007ffcca480000 - 0x00007ffcca497000 	C:\windows\system32\napinsp.dll
0x00007ffcca3d0000 - 0x00007ffcca3eb000 	C:\windows\system32\pnrpnsp.dll
0x00007ffcea550000 - 0x00007ffcea565000 	C:\windows\system32\wshbth.dll
0x00007ffceb130000 - 0x00007ffceb14d000 	C:\windows\system32\NLAapi.dll
0x00007ffcca3b0000 - 0x00007ffcca3c2000 	C:\windows\System32\winrnr.dll
0x00007ffcf26a0000 - 0x00007ffcf26b8000 	C:\windows\SYSTEM32\CRYPTSP.dll
0x00007ffcf1d90000 - 0x00007ffcf1dc4000 	C:\windows\system32\rsaenh.dll
0x00007ffcf2bd0000 - 0x00007ffcf2bfe000 	C:\windows\SYSTEM32\USERENV.dll
0x00007ffcf2690000 - 0x00007ffcf269c000 	C:\windows\SYSTEM32\CRYPTBASE.dll
0x00007ffce8820000 - 0x00007ffce8837000 	C:\windows\SYSTEM32\dhcpcsvc6.DLL
0x00007ffce8700000 - 0x00007ffce871d000 	C:\windows\SYSTEM32\dhcpcsvc.DLL
0x00007ffcda500000 - 0x00007ffcda510000 	C:\Users\jazmi\Documents\sts-4.12.0.RELEASE\plugins\org.eclipse.justj.openjdk.hotspot.jre.full.win32.x86_64_16.0.2.v20210721-1149\jre\bin\verify.dll
0x00007ffcec400000 - 0x00007ffcec40e000 	C:\Users\jazmi\Documents\sts-4.12.0.RELEASE\plugins\org.eclipse.justj.openjdk.hotspot.jre.full.win32.x86_64_16.0.2.v20210721-1149\jre\bin\sunmscapi.dll
0x00007ffcf2d10000 - 0x00007ffcf2e66000 	C:\windows\System32\CRYPT32.dll
0x00007ffcf27d0000 - 0x00007ffcf27f7000 	C:\windows\SYSTEM32\ncrypt.dll
0x00007ffcf2790000 - 0x00007ffcf27cb000 	C:\windows\SYSTEM32\NTASN1.dll
0x00007ffce9dd0000 - 0x00007ffce9dd7000 	C:\windows\system32\wshunix.dll

dbghelp: loaded successfully - version: 4.0.5 - missing functions: none
symbol engine: initialized successfully - sym options: 0x614 - pdb path: .;C:\Users\jazmi\Documents\sts-4.12.0.RELEASE\plugins\org.eclipse.justj.openjdk.hotspot.jre.full.win32.x86_64_16.0.2.v20210721-1149\jre\bin;C:\windows\SYSTEM32;C:\windows\WinSxS\amd64_microsoft.windows.common-controls_6595b64144ccf1df_6.0.19041.1110_none_60b5254171f9507e;C:\Users\jazmi\Documents\sts-4.12.0.RELEASE\plugins\org.eclipse.justj.openjdk.hotspot.jre.full.win32.x86_64_16.0.2.v20210721-1149\jre\bin\server

VM Arguments:
jvm_args: -XX:+ShowCodeDetailsInExceptionMessages -agentlib:jdwp=transport=dt_socket,suspend=y,address=localhost:53761 -Dcom.sun.management.jmxremote -Dcom.sun.management.jmxremote.port=53760 -Dcom.sun.management.jmxremote.authenticate=false -Dcom.sun.management.jmxremote.ssl=false -Djava.rmi.server.hostname=localhost -Dspring.jmx.enabled=true -Dspring.application.admin.enabled=true -XX:TieredStopAtLevel=1 -Dspring.boot.project.name=OperacionFuegodeQuasar -javaagent:C:\Users\jazmi\Documents\sts-4.12.0.RELEASE\configuration\org.eclipse.osgi\259\0\.cp\lib\javaagent-shaded.jar -Dfile.encoding=UTF-8 
java_command: cl.mercadolibre.OperacionFuegodeQuasar.OperacionFuegodeQuasarApplication --spring.output.ansi.enabled=always
java_class_path (initial): C:\Users\jazmi\eclipse-workspace\OperacionFuegodeQuasarRest\target\classes;C:\Users\jazmi\.m2\repository\org\springframework\boot\spring-boot-starter-web\2.5.5\spring-boot-starter-web-2.5.5.jar;C:\Users\jazmi\.m2\repository\org\springframework\boot\spring-boot-starter\2.5.5\spring-boot-starter-2.5.5.jar;C:\Users\jazmi\.m2\repository\org\springframework\boot\spring-boot\2.5.5\spring-boot-2.5.5.jar;C:\Users\jazmi\.m2\repository\org\springframework\boot\spring-boot-autoconfigure\2.5.5\spring-boot-autoconfigure-2.5.5.jar;C:\Users\jazmi\.m2\repository\org\springframework\boot\spring-boot-starter-logging\2.5.5\spring-boot-starter-logging-2.5.5.jar;C:\Users\jazmi\.m2\repository\ch\qos\logback\logback-classic\1.2.6\logback-classic-1.2.6.jar;C:\Users\jazmi\.m2\repository\ch\qos\logback\logback-core\1.2.6\logback-core-1.2.6.jar;C:\Users\jazmi\.m2\repository\org\apache\logging\log4j\log4j-to-slf4j\2.14.1\log4j-to-slf4j-2.14.1.jar;C:\Users\jazmi\.m2\repository\org\apache\logging\log4j\log4j-api\2.14.1\log4j-api-2.14.1.jar;C:\Users\jazmi\.m2\repository\org\slf4j\jul-to-slf4j\1.7.32\jul-to-slf4j-1.7.32.jar;C:\Users\jazmi\.m2\repository\org\yaml\snakeyaml\1.28\snakeyaml-1.28.jar;C:\Users\jazmi\.m2\repository\org\springframework\boot\spring-boot-starter-json\2.5.5\spring-boot-starter-json-2.5.5.jar;C:\Users\jazmi\.m2\repository\com\fasterxml\jackson\core\jackson-databind\2.12.5\jackson-databind-2.12.5.jar;C:\Users\jazmi\.m2\repository\com\fasterxml\jackson\core\jackson-core\2.12.5\jackson-core-2.12.5.jar;C:\Users\jazmi\.m2\repository\com\fasterxml\jackson\datatype\jackson-datatype-jdk8\2.12.5\jackson-datatype-jdk8-2.12.5.jar;C:\Users\jazmi\.m2\repository\com\fasterxml\jackson\datatype\jackson-datatype-jsr310\2.12.5\jackson-datatype-jsr310-2.12.5.jar;C:\Users\jazmi\.m2\repository\com\fasterxml\jackson\module\jackson-module-parameter-names\2.12.5\jackson-module-parameter-names-2.12.5.jar;C:\Users\jazmi\.m2\repository\org\springframework\spring-web\5.3.10\
Launcher Type: SUN_STANDARD

[Global flags]
     intx CICompilerCount                          = 4                                         {product} {ergonomic}
     uint ConcGCThreads                            = 3                                         {product} {ergonomic}
     uint G1ConcRefinementThreads                  = 10                                        {product} {ergonomic}
   size_t G1HeapRegionSize                         = 2097152                                   {product} {ergonomic}
    uintx GCDrainStackTargetSize                   = 64                                        {product} {ergonomic}
   size_t InitialHeapSize                          = 199229440                                 {product} {ergonomic}
     bool ManagementServer                         = true                                      {product} {command line}
   size_t MarkStackSize                            = 4194304                                   {product} {ergonomic}
   size_t MaxHeapSize                              = 3162505216                                {product} {ergonomic}
   size_t MaxNewSize                               = 1895825408                                {product} {ergonomic}
   size_t MinHeapDeltaBytes                        = 2097152                                   {product} {ergonomic}
   size_t MinHeapSize                              = 8388608                                   {product} {ergonomic}
    uintx NonNMethodCodeHeapSize                   = 7549744                                {pd product} {ergonomic}
    uintx NonProfiledCodeHeapSize                  = 244108496                              {pd product} {ergonomic}
    uintx ProfiledCodeHeapSize                     = 0                                      {pd product} {ergonomic}
    uintx ReservedCodeCacheSize                    = 251658240                              {pd product} {ergonomic}
     bool SegmentedCodeCache                       = true                                      {product} {ergonomic}
     bool ShowCodeDetailsInExceptionMessages       = true                                   {manageable} {command line}
   size_t SoftMaxHeapSize                          = 3162505216                             {manageable} {ergonomic}
     intx TieredStopAtLevel                        = 1                                         {product} {command line}
     bool UseCompressedClassPointers               = true                           {product lp64_product} {ergonomic}
     bool UseCompressedOops                        = true                           {product lp64_product} {ergonomic}
     bool UseG1GC                                  = true                                      {product} {ergonomic}
     bool UseLargePagesIndividualAllocation        = false                                  {pd product} {ergonomic}

Logging:
Log output configuration:
 #0: stdout all=warning uptime,level,tags
 #1: stderr all=off uptime,level,tags

Environment Variables:
PATH=C:\Users\jazmi\Documents\sts-4.12.0.RELEASE\plugins\org.eclipse.justj.openjdk.hotspot.jre.full.win32.x86_64_16.0.2.v20210721-1149\jre\bin;C:/Users/jazmi/Documents/sts-4.12.0.RELEASE//plugins/org.eclipse.justj.openjdk.hotspot.jre.full.win32.x86_64_16.0.2.v20210721-1149/jre/bin/server;C:/Users/jazmi/Documents/sts-4.12.0.RELEASE//plugins/org.eclipse.justj.openjdk.hotspot.jre.full.win32.x86_64_16.0.2.v20210721-1149/jre/bin;C:\Program Files (x86)\Common Files\Oracle\Java\javapath;C:\oraclexe\app\oracle\product\11.2.0\server\bin;;C:\windows\system32;C:\windows;C:\windows\System32\Wbem;C:\windows\System32\WindowsPowerShell\v1.0\;C:\windows\System32\OpenSSH\;C:\Program Files (x86)\NVIDIA Corporation\PhysX\Common;C:\Program Files\NVIDIA Corporation\NVIDIA NvDLISR;C:\Program Files\Calibre2\;C:\Program Files\nodejs\;C:\Program Files\Docker\Docker\resources\bin;C:\ProgramData\DockerDesktop\version-bin;C:\Users\jazmi\AppData\Local\Microsoft\WindowsApps;C:\Users\jazmi\AppData\Roaming\npm;C:\Users\jazmi\AppData\Local\Programs\Microsoft VS Code\bin;C:\Users\jazmi\AppData\Local\Google\Cloud SDK\google-cloud-sdk\bin;C:\Users\jazmi\Documents\sts-4.12.0.RELEASE;
USERNAME=Jazm¡n
OS=Windows_NT
PROCESSOR_IDENTIFIER=Intel64 Family 6 Model 165 Stepping 2, GenuineIntel



---------------  S Y S T E M  ---------------

OS:
 Windows 10 , 64 bit Build 19041 (10.0.19041.1202)
OS uptime: 0 days 14:31 hours
Hyper-V role detected

CPU: total 12 (initial active 12) (6 cores per cpu, 2 threads per core) family 6 model 165 stepping 2 microcode 0xe0, cx8, cmov, fxsr, ht, mmx, 3dnowpref, sse, sse2, sse3, ssse3, sse4.1, sse4.2, popcnt, lzcnt, tsc, tscinvbit, avx, avx2, aes, erms, clmul, bmi1, bmi2, adx, fma, vzeroupper, clflush, clflushopt, hv

Memory: 4k page, system-wide physical 12057M (2595M free)
TotalPageFile size 21025M (AvailPageFile size 3756M)
current process WorkingSet (physical memory assigned to process): 248M, peak: 248M
current process commit charge ("private bytes"): 284M, peak: 316M

vm_info: OpenJDK 64-Bit Server VM (16.0.2+7-67) for windows-amd64 JRE (16.0.2+7-67), built on Jun  8 2021 23:21:43 by "mach5one" with MS VC++ 16.7 (VS2019)

END.
