2021-10-01 15:41:30 [main] [INFO ] cl.mercadolibre.operacionfuegodequasar.OperacionFuegoQuasarApp - ****************************************************************
2021-10-01 15:41:30 [main] [INFO ] cl.mercadolibre.operacionfuegodequasar.OperacionFuegoQuasarApp - **************Bienvenido al servicio de Auxilio*****************
2021-10-01 15:41:30 [main] [INFO ] cl.mercadolibre.operacionfuegodequasar.OperacionFuegoQuasarApp - La ubicación de los Satélites actualmente en servicio
2021-10-01 15:41:30 [main] [INFO ] cl.mercadolibre.operacionfuegodequasar.OperacionFuegoQuasarApp - 1) Skywalker es [100,-100]
2021-10-01 15:41:30 [main] [INFO ] cl.mercadolibre.operacionfuegodequasar.OperacionFuegoQuasarApp - 2) Sato es [500,100]
2021-10-01 15:41:30 [main] [INFO ] cl.mercadolibre.operacionfuegodequasar.OperacionFuegoQuasarApp - 3) Kenobi es [-500,-200]
2021-10-01 15:41:30 [main] [INFO ] cl.mercadolibre.operacionfuegodequasar.OperacionFuegoQuasarApp - Para obtener las coordenadas del emisor, digite las distancias de cada satelite
2021-10-01 15:41:30 [main] [INFO ] cl.mercadolibre.operacionfuegodequasar.controller.Controller - Ingrese la distancia al emisor del satelite SKYWALKER
2021-10-01 15:41:30 [main] [INFO ] cl.mercadolibre.operacionfuegodequasar.controller.Controller - distancia: 
2021-10-01 15:41:33 [main] [INFO ] cl.mercadolibre.operacionfuegodequasar.controller.Controller - Ingrese la distancia al emisor del satelite SATO
2021-10-01 15:41:33 [main] [INFO ] cl.mercadolibre.operacionfuegodequasar.controller.Controller - distancia: 
2021-10-01 15:41:33 [main] [INFO ] cl.mercadolibre.operacionfuegodequasar.controller.Controller - Ingrese la distancia al emisor del satelite KENOBI
2021-10-01 15:41:33 [main] [INFO ] cl.mercadolibre.operacionfuegodequasar.controller.Controller - distancia: 
2021-10-01 15:41:34 [main] [INFO ] cl.mercadolibre.operacionfuegodequasar.controller.Controller - *******Hay satelites fuera de rango*********
2021-10-01 15:41:34 [main] [INFO ] cl.mercadolibre.operacionfuegodequasar.services.impl.ServicesImpl - Mensaje recibido en el satelite SKYWALKER: (para terminar presione / )
2021-10-01 15:41:48 [main] [INFO ] cl.mercadolibre.operacionfuegodequasar.services.impl.ServicesImpl - Mensaje recibido en el satelite SATO: (para terminar presione / )
2021-10-01 15:41:50 [main] [INFO ] cl.mercadolibre.operacionfuegodequasar.services.impl.ServicesImpl - Mensaje recibido en el satelite KENOBI: (para terminar presione / )
2021-10-01 15:41:50 [main] [INFO ] cl.mercadolibre.operacionfuegodequasar.services.impl.ServicesImpl - ***************** No se puede determinar el mensaje ******************************
2021-10-01 15:41:50 [main] [INFO ] cl.mercadolibre.operacionfuegodequasar.services.impl.ServicesImpl - Mensaje recibido es: []
2021-10-01 15:41:50 [main] [INFO ] cl.mercadolibre.operacionfuegodequasar.OperacionFuegoQuasarApp - ¿Quieres volver a intentarlo? Presiona Y, de lo contrario presiona otra tecla
2021-10-01 15:48:21 [main] [INFO ] cl.mercadolibre.operacionfuegodequasar.OperacionFuegoQuasarApp - ****************************************************************
2021-10-01 15:48:21 [main] [INFO ] cl.mercadolibre.operacionfuegodequasar.OperacionFuegoQuasarApp - **************Bienvenido al servicio de Auxilio*****************
2021-10-01 15:48:21 [main] [INFO ] cl.mercadolibre.operacionfuegodequasar.OperacionFuegoQuasarApp - La ubicación de los Satélites actualmente en servicio
2021-10-01 15:48:21 [main] [INFO ] cl.mercadolibre.operacionfuegodequasar.OperacionFuegoQuasarApp - 1) Skywalker es [100,-100]
2021-10-01 15:48:21 [main] [INFO ] cl.mercadolibre.operacionfuegodequasar.OperacionFuegoQuasarApp - 2) Sato es [500,100]
2021-10-01 15:48:21 [main] [INFO ] cl.mercadolibre.operacionfuegodequasar.OperacionFuegoQuasarApp - 3) Kenobi es [-500,-200]
2021-10-01 15:48:21 [main] [INFO ] cl.mercadolibre.operacionfuegodequasar.OperacionFuegoQuasarApp - Para obtener las coordenadas del emisor, digite las distancias de cada satelite
2021-10-01 15:48:21 [main] [INFO ] cl.mercadolibre.operacionfuegodequasar.controller.Controller - Ingrese la distancia al emisor del satelite SKYWALKER
2021-10-01 15:48:21 [main] [INFO ] cl.mercadolibre.operacionfuegodequasar.controller.Controller - distancia: 
2021-10-01 15:48:56 [main] [INFO ] cl.mercadolibre.operacionfuegodequasar.OperacionFuegoQuasarApp - ****************************************************************
2021-10-01 15:48:56 [main] [INFO ] cl.mercadolibre.operacionfuegodequasar.OperacionFuegoQuasarApp - **************Bienvenido al servicio de Auxilio*****************
2021-10-01 15:48:56 [main] [INFO ] cl.mercadolibre.operacionfuegodequasar.OperacionFuegoQuasarApp - La ubicación de los Satélites actualmente en servicio
2021-10-01 15:48:56 [main] [INFO ] cl.mercadolibre.operacionfuegodequasar.OperacionFuegoQuasarApp - 1) Skywalker es [100,-100]
2021-10-01 15:48:56 [main] [INFO ] cl.mercadolibre.operacionfuegodequasar.OperacionFuegoQuasarApp - 2) Sato es [500,100]
2021-10-01 15:48:56 [main] [INFO ] cl.mercadolibre.operacionfuegodequasar.OperacionFuegoQuasarApp - 3) Kenobi es [-500,-200]
2021-10-01 15:48:56 [main] [INFO ] cl.mercadolibre.operacionfuegodequasar.OperacionFuegoQuasarApp - Para obtener las coordenadas del emisor, digite las distancias de cada satelite
2021-10-01 15:48:56 [main] [INFO ] cl.mercadolibre.operacionfuegodequasar.controller.Controller - Ingrese la distancia al emisor del satelite SKYWALKER
2021-10-01 15:48:56 [main] [INFO ] cl.mercadolibre.operacionfuegodequasar.controller.Controller - distancia: 
2021-10-01 15:49:07 [main] [INFO ] cl.mercadolibre.operacionfuegodequasar.controller.Controller - Ingrese la distancia al emisor del satelite SATO
2021-10-01 15:49:07 [main] [INFO ] cl.mercadolibre.operacionfuegodequasar.controller.Controller - distancia: 
2021-10-01 15:49:09 [main] [INFO ] cl.mercadolibre.operacionfuegodequasar.controller.Controller - Ingrese la distancia al emisor del satelite KENOBI
2021-10-01 15:49:09 [main] [INFO ] cl.mercadolibre.operacionfuegodequasar.controller.Controller - distancia: 
2021-10-01 15:49:10 [main] [ERROR] cl.mercadolibre.operacionfuegodequasar.controller.Controller - ******* Hay satelites fuera de rango *********
2021-10-01 15:49:10 [main] [INFO ] cl.mercadolibre.operacionfuegodequasar.OperacionFuegoQuasarApp - ¿Quieres volver a intentarlo? Presiona Y, de lo contrario presiona otra tecla
2021-10-01 17:18:44 [main] [INFO ] cl.mercadolibre.operacionfuegodequasar.OperacionFuegoQuasarApp - ****************************************************************
2021-10-01 17:18:44 [main] [INFO ] cl.mercadolibre.operacionfuegodequasar.OperacionFuegoQuasarApp - **************Bienvenido al servicio de Auxilio*****************
2021-10-01 17:18:44 [main] [INFO ] cl.mercadolibre.operacionfuegodequasar.OperacionFuegoQuasarApp - La ubicación de los Satélites actualmente en servicio
2021-10-01 17:18:44 [main] [INFO ] cl.mercadolibre.operacionfuegodequasar.OperacionFuegoQuasarApp - 1) Skywalker es [100,-100]
2021-10-01 17:18:44 [main] [INFO ] cl.mercadolibre.operacionfuegodequasar.OperacionFuegoQuasarApp - 2) Sato es [500,100]
2021-10-01 17:18:44 [main] [INFO ] cl.mercadolibre.operacionfuegodequasar.OperacionFuegoQuasarApp - 3) Kenobi es [-500,-200]
2021-10-01 17:18:44 [main] [INFO ] cl.mercadolibre.operacionfuegodequasar.OperacionFuegoQuasarApp - Para obtener las coordenadas del emisor, digite las distancias de cada satelite
2021-10-01 17:18:44 [main] [INFO ] cl.mercadolibre.operacionfuegodequasar.controller.Controller - Ingrese la distancia al emisor del satelite SKYWALKER
2021-10-01 17:18:44 [main] [INFO ] cl.mercadolibre.operacionfuegodequasar.controller.Controller - distancia: 
2021-10-01 17:19:46 [main] [INFO ] cl.mercadolibre.operacionfuegodequasar.OperacionFuegoQuasarApp - ****************************************************************
2021-10-01 17:19:46 [main] [INFO ] cl.mercadolibre.operacionfuegodequasar.OperacionFuegoQuasarApp - **************Bienvenido al servicio de Auxilio*****************
2021-10-01 17:19:46 [main] [INFO ] cl.mercadolibre.operacionfuegodequasar.OperacionFuegoQuasarApp - La ubicación de los Satélites actualmente en servicio
2021-10-01 17:19:46 [main] [INFO ] cl.mercadolibre.operacionfuegodequasar.OperacionFuegoQuasarApp - 1) Skywalker es [100,-100]
2021-10-01 17:19:46 [main] [INFO ] cl.mercadolibre.operacionfuegodequasar.OperacionFuegoQuasarApp - 2) Sato es [500,100]
2021-10-01 17:19:46 [main] [INFO ] cl.mercadolibre.operacionfuegodequasar.OperacionFuegoQuasarApp - 3) Kenobi es [-500,-200]
2021-10-01 17:19:46 [main] [INFO ] cl.mercadolibre.operacionfuegodequasar.OperacionFuegoQuasarApp - Para obtener las coordenadas del emisor, digite las distancias de cada satelite
2021-10-01 17:19:46 [main] [INFO ] cl.mercadolibre.operacionfuegodequasar.controller.Controller - Ingrese la distancia al emisor del satelite SKYWALKER
2021-10-01 17:19:46 [main] [INFO ] cl.mercadolibre.operacionfuegodequasar.controller.Controller - distancia: 
